<?xml version="1.0" encoding="UTF-8"?>
<!-- Generated by org.testng.reporters.JUnitReportReporter -->
<testsuite hostname="LENOVO" failures="0" tests="1" name="package01.Class1" time="9.715" errors="0" timestamp="2024-03-04T16:45:34 IST" skipped="0">
  <testcase classname="package01.Class1" name="run" time="9.715"/>
  <system-out/>
</testsuite> <!-- package01.Class1 -->
