<?xml version="1.0" encoding="UTF-8"?>
<!-- Generated by org.testng.reporters.JUnitReportReporter -->
<testsuite hostname="LENOVO" failures="0" tests="2" name="package01.Test1" time="11.863" errors="0" timestamp="2024-03-04T17:42:48 IST" skipped="0">
  <testcase classname="package01.Test1" name="method2" time="1.578"/>
  <system-out/>
  <testcase classname="package01.Test1" name="method1" time="10.285"/>
  <system-out/>
</testsuite> <!-- package01.Test1 -->
